#
# A fatal error has been detected by the Java Runtime Environment:
#
#  EXCEPTION_ACCESS_VIOLATION (0xc0000005) at pc=0x00007ffae5d9be0b, pid=14848, tid=13612
#
# JRE version: Java(TM) SE Runtime Environment 18.9 (11.0.13+10) (build 11.0.13+10-LTS-370)
# Java VM: Java HotSpot(TM) 64-Bit Server VM 18.9 (11.0.13+10-LTS-370, mixed mode, tiered, compressed oops, g1 gc, windows-amd64)
# Problematic frame:
# V  [jvm.dll+0x5dbe0b]
#
# No core dump will be written. Minidumps are not enabled by default on client versions of Windows
#
# If you would like to submit a bug report, please visit:
#   https://bugreport.java.com/bugreport/crash.jsp
#

---------------  S U M M A R Y ------------

Command Line: -Dfile.encoding=UTF-8 --add-modules=javafx.controls,javafx.fxml -agentpath:C:/Program Files/NetBeans-12.0/netbeans/profiler/lib/deployed/jdk16/windows-amd64/profilerinterface.dll=C:\Program Files\NetBeans-12.0\netbeans\profiler\lib,5140,10 -XX:+HeapDumpOnOutOfMemoryError -XX:HeapDumpPath=C:\Users\Usuario\Desktop\treballIPC\Treball_IPC\Treball_IPC\nbproject\private\profiler --module-path=C:\Program Files\Java\javafx-sdk-17.0.2\lib\javafx-swt.jar;C:\Program Files\Java\javafx-sdk-17.0.2\lib\javafx.base.jar;C:\Program Files\Java\javafx-sdk-17.0.2\lib\javafx.controls.jar;C:\Program Files\Java\javafx-sdk-17.0.2\lib\javafx.fxml.jar;C:\Program Files\Java\javafx-sdk-17.0.2\lib\javafx.graphics.jar;C:\Program Files\Java\javafx-sdk-17.0.2\lib\javafx.media.jar;C:\Program Files\Java\javafx-sdk-17.0.2\lib\javafx.swing.jar;C:\Program Files\Java\javafx-sdk-17.0.2\lib\javafx.web.jar poiupv.PoiUPVApp

Host: Intel(R) Core(TM) i7-1065G7 CPU @ 1.30GHz, 8 cores, 15G,  Windows 10 , 64 bit Build 22000 (10.0.22000.675)
Time: Sun May 15 12:31:13 2022 Hora de verano romance elapsed time: 2.161729 seconds (0d 0h 0m 2s)

---------------  T H R E A D  ---------------

Current thread (0x0000024b5f9ad800):  JavaThread "*** Profiler Agent Communication Thread" daemon [_thread_in_vm, id=13612, stack(0x000000ac0c300000,0x000000ac0c400000)]

Stack: [0x000000ac0c300000,0x000000ac0c400000],  sp=0x000000ac0c3ff040,  free space=1020k
Native frames: (J=compiled Java code, j=interpreted, Vv=VM code, C=native code)
V  [jvm.dll+0x5dbe0b]
V  [jvm.dll+0x496450]
C  [profilerinterface.dll+0x34da]

Java frames: (J=compiled Java code, j=interpreted, Vv=VM code)
j  org.netbeans.lib.profiler.server.system.Stacks.getMethodNamesForJMethodIds(I[I[I)[B+0
j  org.netbeans.lib.profiler.server.ProfilerInterface.getMethodNamesForJMethodIds([I)Lorg/netbeans/lib/profiler/wireprotocol/MethodNamesResponse;+20
j  org.netbeans.lib.profiler.server.ProfilerServer.handleClientCommand(Lorg/netbeans/lib/profiler/wireprotocol/Command;)V+691
j  org.netbeans.lib.profiler.server.ProfilerServer.listenToClient()V+48
j  org.netbeans.lib.profiler.server.ProfilerServer.run()V+22
v  ~StubRoutines::call_stub

siginfo: EXCEPTION_ACCESS_VIOLATION (0xc0000005), reading address 0x000000005ff24368


Register to memory mapping:

RIP=0x00007ffae5d9be0b jvm.dll
RAX=0x000000ac0c3ff001 is pointing into the stack for thread: 0x0000024b5f9ad800
RBX=0x0000024b5f9ad800 is a thread
RCX=0x000000005ff24368 is an unknown value
RDX=0x0000024b5f9ad800 is a thread
RSP=0x000000ac0c3ff040 is pointing into the stack for thread: 0x0000024b5f9ad800
RBP=0x000000005ff24368 is an unknown value
RSI=0x0000024b3bd611b0 points into unknown readable memory: 0x00007ffae61ae5d0 | d0 e5 1a e6 fa 7f 00 00
RDI=0x000000ac0c3ff160 is pointing into the stack for thread: 0x0000024b5f9ad800
R8 =0x000000ac0c3ff160 is pointing into the stack for thread: 0x0000024b5f9ad800
R9 =0x0000000000000005 is an unknown value
R10=0x0000000000000001 is an unknown value
R11=0x000000ac0c3ff038 is pointing into the stack for thread: 0x0000024b5f9ad800
R12=0x0000024b67511bf0 points into unknown readable memory: 0x1ff246d01ff24368 | 68 43 f2 1f d0 46 f2 1f
R13=0x0000000000000209 is an unknown value
R14=0x00007ffb2fcf9c68 profilerinterface.dll
R15=0x00007ffb2fcf9a60 profilerinterface.dll


Registers:
RAX=0x000000ac0c3ff001, RBX=0x0000024b5f9ad800, RCX=0x000000005ff24368, RDX=0x0000024b5f9ad800
RSP=0x000000ac0c3ff040, RBP=0x000000005ff24368, RSI=0x0000024b3bd611b0, RDI=0x000000ac0c3ff160
R8 =0x000000ac0c3ff160, R9 =0x0000000000000005, R10=0x0000000000000001, R11=0x000000ac0c3ff038
R12=0x0000024b67511bf0, R13=0x0000000000000209, R14=0x00007ffb2fcf9c68, R15=0x00007ffb2fcf9a60
RIP=0x00007ffae5d9be0b, EFLAGS=0x0000000000010202

Top of Stack: (sp=0x000000ac0c3ff040)
0x000000ac0c3ff040:   0000024b5f9ad800 0000000000000000
0x000000ac0c3ff050:   0000024b5f9ad800 000000ac0c3ff218
0x000000ac0c3ff060:   0000024b5f9ad800 00007ffae5c56450
0x000000ac0c3ff070:   0000024b5f9ad800 0000024b5f9ad800
0x000000ac0c3ff080:   0000024b5f9adb48 00007ffb3ae6c750
0x000000ac0c3ff090:   0000024b5f9ad800 0000000000000000
0x000000ac0c3ff0a0:   0000024b00000000 0000000000000000
0x000000ac0c3ff0b0:   000000005ff24368 00007ffb2fcf34da
0x000000ac0c3ff0c0:   0000024b5f9ad800 0000000000000000
0x000000ac0c3ff0d0:   0000024b5f9adb48 000000000000a900
0x000000ac0c3ff0e0:   0000024b67511bf0 00007ffae5b1d32c
0x000000ac0c3ff0f0:   000000ac0c3ff110 0000024b5fc91620
0x000000ac0c3ff100:   000000000000a900 0000024b433ecebe
0x000000ac0c3ff110:   0000024b61712b80 0000024b5f9ad800
0x000000ac0c3ff120:   0000024b5f9ad800 0000024b61712b80
0x000000ac0c3ff130:   0000000000000000 00000000000000a9 

Instructions: (pc=0x00007ffae5d9be0b)
0x00007ffae5d9bdeb:   24 fe 0f 94 c0 c3 cc cc cc cc cc cc cc cc cc cc
0x00007ffae5d9bdfb:   cc cc cc cc cc 40 53 48 83 ec 20 48 85 c9 74 24
0x00007ffae5d9be0b:   48 8b 19 48 85 db 74 1c 48 83 fb 37 74 16 48 8b
0x00007ffae5d9be1b:   13 48 8b cb ff 52 10 84 c0 74 09 48 8b c3 48 83 


Stack slot to memory mapping:
stack at sp + 0 slots: 0x0000024b5f9ad800 is a thread
stack at sp + 1 slots: 0x0 is NULL
stack at sp + 2 slots: 0x0000024b5f9ad800 is a thread
stack at sp + 3 slots: 0x000000ac0c3ff218 is pointing into the stack for thread: 0x0000024b5f9ad800
stack at sp + 4 slots: 0x0000024b5f9ad800 is a thread
stack at sp + 5 slots: 0x00007ffae5c56450 jvm.dll
stack at sp + 6 slots: 0x0000024b5f9ad800 is a thread
stack at sp + 7 slots: 0x0000024b5f9ad800 is a thread


---------------  P R O C E S S  ---------------

Threads class SMR info:
_java_thread_list=0x0000024b6042f190, length=21, elements={
0x0000024b3bd6b000, 0x0000024b5e8ac000, 0x0000024b5e8ad800, 0x0000024b5f1b2800,
0x0000024b5f1b3800, 0x0000024b5f1b5000, 0x0000024b5f1b7000, 0x0000024b5f1bc000,
0x0000024b5f1bf800, 0x0000024b5f34d000, 0x0000024b5f9ad800, 0x0000024b5fff4000,
0x0000024b5f4a2000, 0x0000024b5fadc000, 0x0000024b60023800, 0x0000024b5fe42000,
0x0000024b5fc47800, 0x0000024b5fc4d800, 0x0000024b604a4000, 0x0000024b60468800,
0x0000024b609df800
}

Java Threads: ( => current thread )
  0x0000024b3bd6b000 JavaThread "main" [_thread_blocked, id=14204, stack(0x000000ac0b100000,0x000000ac0b200000)]
  0x0000024b5e8ac000 JavaThread "Reference Handler" daemon [_thread_blocked, id=5184, stack(0x000000ac0b800000,0x000000ac0b900000)]
  0x0000024b5e8ad800 JavaThread "Finalizer" daemon [_thread_blocked, id=16016, stack(0x000000ac0b900000,0x000000ac0ba00000)]
  0x0000024b5f1b2800 JavaThread "Signal Dispatcher" daemon [_thread_blocked, id=11128, stack(0x000000ac0ba00000,0x000000ac0bb00000)]
  0x0000024b5f1b3800 JavaThread "Attach Listener" daemon [_thread_blocked, id=2556, stack(0x000000ac0bb00000,0x000000ac0bc00000)]
  0x0000024b5f1b5000 JavaThread "Service Thread" daemon [_thread_blocked, id=12856, stack(0x000000ac0bc00000,0x000000ac0bd00000)]
  0x0000024b5f1b7000 JavaThread "C2 CompilerThread0" daemon [_thread_blocked, id=5228, stack(0x000000ac0bd00000,0x000000ac0be00000)]
  0x0000024b5f1bc000 JavaThread "C1 CompilerThread0" daemon [_thread_blocked, id=9780, stack(0x000000ac0be00000,0x000000ac0bf00000)]
  0x0000024b5f1bf800 JavaThread "Sweeper thread" daemon [_thread_blocked, id=10532, stack(0x000000ac0bf00000,0x000000ac0c000000)]
  0x0000024b5f34d000 JavaThread "Common-Cleaner" daemon [_thread_blocked, id=9632, stack(0x000000ac0c000000,0x000000ac0c100000)]
=>0x0000024b5f9ad800 JavaThread "*** Profiler Agent Communication Thread" daemon [_thread_in_vm, id=13612, stack(0x000000ac0c300000,0x000000ac0c400000)]
  0x0000024b5fff4000 JavaThread "*** JFluid Monitor thread ***" daemon [_thread_blocked, id=10412, stack(0x000000ac0c400000,0x000000ac0c500000)]
  0x0000024b5f4a2000 JavaThread "*** Profiler Agent Special Execution Thread 6" daemon [_thread_blocked, id=17520, stack(0x000000ac0c500000,0x000000ac0c600000)]
  0x0000024b5fadc000 JavaThread "*** Profiler Agent Special Execution Thread 10" daemon [_thread_blocked, id=9796, stack(0x000000ac0c200000,0x000000ac0c300000)]
  0x0000024b60023800 JavaThread "C2 CompilerThread1" daemon [_thread_blocked, id=15500, stack(0x000000ac0c600000,0x000000ac0c700000)]
  0x0000024b5fe42000 JavaThread "QuantumRenderer-0" daemon [_thread_blocked, id=15516, stack(0x000000ac0c700000,0x000000ac0c800000)]
  0x0000024b5fc47800 JavaThread "InvokeLaterDispatcher" daemon [_thread_blocked, id=9872, stack(0x000000ac0c800000,0x000000ac0c900000)]
  0x0000024b5fc4d800 JavaThread "JavaFX Application Thread" [_thread_blocked, id=14976, stack(0x000000ac0c900000,0x000000ac0ca00000)]
  0x0000024b604a4000 JavaThread "JavaFX-Launcher" [_thread_blocked, id=12972, stack(0x000000ac0ce00000,0x000000ac0cf00000)]
  0x0000024b60468800 JavaThread "Thread-7" daemon [_thread_blocked, id=9808, stack(0x000000ac0cd00000,0x000000ac0ce00000)]
  0x0000024b609df800 JavaThread "Prism Font Disposer" daemon [_thread_blocked, id=13600, stack(0x000000ac0d400000,0x000000ac0d500000)]

Other Threads:
  0x0000024b5e8a9000 VMThread "VM Thread" [stack: 0x000000ac0b700000,0x000000ac0b800000] [id=11668]
  0x0000024b5fdb8000 WatcherThread [stack: 0x000000ac0c100000,0x000000ac0c200000] [id=7932]
  0x0000024b3bd80800 GCTaskThread "GC Thread#0" [stack: 0x000000ac0b200000,0x000000ac0b300000] [id=2372]
  0x0000024b60469800 GCTaskThread "GC Thread#1" [stack: 0x000000ac0cf00000,0x000000ac0d000000] [id=6420]
  0x0000024b6046a000 GCTaskThread "GC Thread#2" [stack: 0x000000ac0d000000,0x000000ac0d100000] [id=13160]
  0x0000024b60464000 GCTaskThread "GC Thread#3" [stack: 0x000000ac0d100000,0x000000ac0d200000] [id=1848]
  0x0000024b60464800 GCTaskThread "GC Thread#4" [stack: 0x000000ac0d200000,0x000000ac0d300000] [id=13672]
  0x0000024b5fedb000 GCTaskThread "GC Thread#5" [stack: 0x000000ac0d300000,0x000000ac0d400000] [id=2892]
  0x0000024b3bddc800 ConcurrentGCThread "G1 Main Marker" [stack: 0x000000ac0b300000,0x000000ac0b400000] [id=7740]
  0x0000024b3bdde800 ConcurrentGCThread "G1 Conc#0" [stack: 0x000000ac0b400000,0x000000ac0b500000] [id=8812]
  0x0000024b60944000 ConcurrentGCThread "G1 Conc#1" [stack: 0x000000ac0d500000,0x000000ac0d600000] [id=3724]
  0x0000024b5e792800 ConcurrentGCThread "G1 Refine#0" [stack: 0x000000ac0b500000,0x000000ac0b600000] [id=9640]
  0x0000024b5e793800 ConcurrentGCThread "G1 Young RemSet Sampling" [stack: 0x000000ac0b600000,0x000000ac0b700000] [id=18064]

Threads with active compile tasks:
C2 CompilerThread1   2212 1738   !   4       java.util.WeakHashMap::expungeStaleEntries (139 bytes)

VM state:synchronizing (normal execution)

VM Mutex/Monitor currently owned by a thread:  ([mutex/lock_event])
[0x0000024b3bd669a0] Threads_lock - owner thread: 0x0000024b5e8a9000

Heap address: 0x0000000703600000, size: 4042 MB, Compressed Oops mode: Zero based, Oop shift amount: 3
Narrow klass base: 0x0000000800000000, Narrow klass shift: 0
Compressed class space size: 1073741824 Address: 0x0000000800000000

Heap:
 garbage-first heap   total 260096K, used 18916K [0x0000000703600000, 0x0000000800000000)
  region size 1024K, 18 young (18432K), 6 survivors (6144K)
 Metaspace       used 23179K, capacity 23951K, committed 24064K, reserved 1071104K
  class space    used 2985K, capacity 3312K, committed 3328K, reserved 1048576K
Heap Regions: E=young(eden), S=young(survivor), O=old, HS=humongous(starts), HC=humongous(continues), CS=collection set, F=free, A=archive, TAMS=top-at-mark-start (previous, next)
|   0|0x0000000703600000, 0x0000000703700000, 0x0000000703700000|100%|HS|  |TAMS 0x0000000703700000, 0x0000000703600000| Complete 
|   1|0x0000000703700000, 0x0000000703800000, 0x0000000703800000|100%|HC|  |TAMS 0x0000000703800000, 0x0000000703700000| Complete 
|   2|0x0000000703800000, 0x00000007038e3a00, 0x0000000703900000| 88%| O|  |TAMS 0x00000007038e3a00, 0x0000000703800000| Untracked 
|   3|0x0000000703900000, 0x0000000703900000, 0x0000000703a00000|  0%| F|  |TAMS 0x0000000703900000, 0x0000000703900000| Untracked 
|   4|0x0000000703a00000, 0x0000000703a00000, 0x0000000703b00000|  0%| F|  |TAMS 0x0000000703a00000, 0x0000000703a00000| Untracked 
|   5|0x0000000703b00000, 0x0000000703b00000, 0x0000000703c00000|  0%| F|  |TAMS 0x0000000703b00000, 0x0000000703b00000| Untracked 
|   6|0x0000000703c00000, 0x0000000703c00000, 0x0000000703d00000|  0%| F|  |TAMS 0x0000000703c00000, 0x0000000703c00000| Untracked 
|   7|0x0000000703d00000, 0x0000000703d00000, 0x0000000703e00000|  0%| F|  |TAMS 0x0000000703d00000, 0x0000000703d00000| Untracked 
|   8|0x0000000703e00000, 0x0000000703e00000, 0x0000000703f00000|  0%| F|  |TAMS 0x0000000703e00000, 0x0000000703e00000| Untracked 
|   9|0x0000000703f00000, 0x0000000703f00000, 0x0000000704000000|  0%| F|  |TAMS 0x0000000703f00000, 0x0000000703f00000| Untracked 
|  10|0x0000000704000000, 0x0000000704000000, 0x0000000704100000|  0%| F|  |TAMS 0x0000000704000000, 0x0000000704000000| Untracked 
|  11|0x0000000704100000, 0x0000000704100000, 0x0000000704200000|  0%| F|  |TAMS 0x0000000704100000, 0x0000000704100000| Untracked 
|  12|0x0000000704200000, 0x0000000704200000, 0x0000000704300000|  0%| F|  |TAMS 0x0000000704200000, 0x0000000704200000| Untracked 
|  13|0x0000000704300000, 0x0000000704300000, 0x0000000704400000|  0%| F|  |TAMS 0x0000000704300000, 0x0000000704300000| Untracked 
|  14|0x0000000704400000, 0x0000000704400000, 0x0000000704500000|  0%| F|  |TAMS 0x0000000704400000, 0x0000000704400000| Untracked 
|  15|0x0000000704500000, 0x0000000704500000, 0x0000000704600000|  0%| F|  |TAMS 0x0000000704500000, 0x0000000704500000| Untracked 
|  16|0x0000000704600000, 0x0000000704600000, 0x0000000704700000|  0%| F|  |TAMS 0x0000000704600000, 0x0000000704600000| Untracked 
|  17|0x0000000704700000, 0x0000000704700000, 0x0000000704800000|  0%| F|  |TAMS 0x0000000704700000, 0x0000000704700000| Untracked 
|  18|0x0000000704800000, 0x0000000704800000, 0x0000000704900000|  0%| F|  |TAMS 0x0000000704800000, 0x0000000704800000| Untracked 
|  19|0x0000000704900000, 0x0000000704900000, 0x0000000704a00000|  0%| F|  |TAMS 0x0000000704900000, 0x0000000704900000| Untracked 
|  20|0x0000000704a00000, 0x0000000704a00000, 0x0000000704b00000|  0%| F|  |TAMS 0x0000000704a00000, 0x0000000704a00000| Untracked 
|  21|0x0000000704b00000, 0x0000000704b00000, 0x0000000704c00000|  0%| F|  |TAMS 0x0000000704b00000, 0x0000000704b00000| Untracked 
|  22|0x0000000704c00000, 0x0000000704c00000, 0x0000000704d00000|  0%| F|  |TAMS 0x0000000704c00000, 0x0000000704c00000| Untracked 
|  23|0x0000000704d00000, 0x0000000704d00000, 0x0000000704e00000|  0%| F|  |TAMS 0x0000000704d00000, 0x0000000704d00000| Untracked 
|  24|0x0000000704e00000, 0x0000000704e00000, 0x0000000704f00000|  0%| F|  |TAMS 0x0000000704e00000, 0x0000000704e00000| Untracked 
|  25|0x0000000704f00000, 0x0000000704f00000, 0x0000000705000000|  0%| F|  |TAMS 0x0000000704f00000, 0x0000000704f00000| Untracked 
|  26|0x0000000705000000, 0x0000000705000000, 0x0000000705100000|  0%| F|  |TAMS 0x0000000705000000, 0x0000000705000000| Untracked 
|  27|0x0000000705100000, 0x0000000705100000, 0x0000000705200000|  0%| F|  |TAMS 0x0000000705100000, 0x0000000705100000| Untracked 
|  28|0x0000000705200000, 0x0000000705200000, 0x0000000705300000|  0%| F|  |TAMS 0x0000000705200000, 0x0000000705200000| Untracked 
|  29|0x0000000705300000, 0x0000000705300000, 0x0000000705400000|  0%| F|  |TAMS 0x0000000705300000, 0x0000000705300000| Untracked 
|  30|0x0000000705400000, 0x0000000705400000, 0x0000000705500000|  0%| F|  |TAMS 0x0000000705400000, 0x0000000705400000| Untracked 
|  31|0x0000000705500000, 0x0000000705500000, 0x0000000705600000|  0%| F|  |TAMS 0x0000000705500000, 0x0000000705500000| Untracked 
|  32|0x0000000705600000, 0x0000000705600000, 0x0000000705700000|  0%| F|  |TAMS 0x0000000705600000, 0x0000000705600000| Untracked 
|  33|0x0000000705700000, 0x0000000705700000, 0x0000000705800000|  0%| F|  |TAMS 0x0000000705700000, 0x0000000705700000| Untracked 
|  34|0x0000000705800000, 0x0000000705800000, 0x0000000705900000|  0%| F|  |TAMS 0x0000000705800000, 0x0000000705800000| Untracked 
|  35|0x0000000705900000, 0x0000000705900000, 0x0000000705a00000|  0%| F|  |TAMS 0x0000000705900000, 0x0000000705900000| Untracked 
|  36|0x0000000705a00000, 0x0000000705a00000, 0x0000000705b00000|  0%| F|  |TAMS 0x0000000705a00000, 0x0000000705a00000| Untracked 
|  37|0x0000000705b00000, 0x0000000705b00000, 0x0000000705c00000|  0%| F|  |TAMS 0x0000000705b00000, 0x0000000705b00000| Untracked 
|  38|0x0000000705c00000, 0x0000000705c00000, 0x0000000705d00000|  0%| F|  |TAMS 0x0000000705c00000, 0x0000000705c00000| Untracked 
|  39|0x0000000705d00000, 0x0000000705d00000, 0x0000000705e00000|  0%| F|  |TAMS 0x0000000705d00000, 0x0000000705d00000| Untracked 
|  40|0x0000000705e00000, 0x0000000705e00000, 0x0000000705f00000|  0%| F|  |TAMS 0x0000000705e00000, 0x0000000705e00000| Untracked 
|  41|0x0000000705f00000, 0x0000000705f00000, 0x0000000706000000|  0%| F|  |TAMS 0x0000000705f00000, 0x0000000705f00000| Untracked 
|  42|0x0000000706000000, 0x0000000706000000, 0x0000000706100000|  0%| F|  |TAMS 0x0000000706000000, 0x0000000706000000| Untracked 
|  43|0x0000000706100000, 0x0000000706100000, 0x0000000706200000|  0%| F|  |TAMS 0x0000000706100000, 0x0000000706100000| Untracked 
|  44|0x0000000706200000, 0x0000000706200000, 0x0000000706300000|  0%| F|  |TAMS 0x0000000706200000, 0x0000000706200000| Untracked 
|  45|0x0000000706300000, 0x0000000706300000, 0x0000000706400000|  0%| F|  |TAMS 0x0000000706300000, 0x0000000706300000| Untracked 
|  46|0x0000000706400000, 0x0000000706400000, 0x0000000706500000|  0%| F|  |TAMS 0x0000000706400000, 0x0000000706400000| Untracked 
|  47|0x0000000706500000, 0x0000000706500000, 0x0000000706600000|  0%| F|  |TAMS 0x0000000706500000, 0x0000000706500000| Untracked 
|  48|0x0000000706600000, 0x0000000706600000, 0x0000000706700000|  0%| F|  |TAMS 0x0000000706600000, 0x0000000706600000| Untracked 
|  49|0x0000000706700000, 0x0000000706700000, 0x0000000706800000|  0%| F|  |TAMS 0x0000000706700000, 0x0000000706700000| Untracked 
|  50|0x0000000706800000, 0x0000000706800000, 0x0000000706900000|  0%| F|  |TAMS 0x0000000706800000, 0x0000000706800000| Untracked 
|  51|0x0000000706900000, 0x0000000706900000, 0x0000000706a00000|  0%| F|  |TAMS 0x0000000706900000, 0x0000000706900000| Untracked 
|  52|0x0000000706a00000, 0x0000000706a00000, 0x0000000706b00000|  0%| F|  |TAMS 0x0000000706a00000, 0x0000000706a00000| Untracked 
|  53|0x0000000706b00000, 0x0000000706b00000, 0x0000000706c00000|  0%| F|  |TAMS 0x0000000706b00000, 0x0000000706b00000| Untracked 
|  54|0x0000000706c00000, 0x0000000706c00000, 0x0000000706d00000|  0%| F|  |TAMS 0x0000000706c00000, 0x0000000706c00000| Untracked 
|  55|0x0000000706d00000, 0x0000000706d00000, 0x0000000706e00000|  0%| F|  |TAMS 0x0000000706d00000, 0x0000000706d00000| Untracked 
|  56|0x0000000706e00000, 0x0000000706e00000, 0x0000000706f00000|  0%| F|  |TAMS 0x0000000706e00000, 0x0000000706e00000| Untracked 
|  57|0x0000000706f00000, 0x0000000706f00000, 0x0000000707000000|  0%| F|  |TAMS 0x0000000706f00000, 0x0000000706f00000| Untracked 
|  58|0x0000000707000000, 0x0000000707000000, 0x0000000707100000|  0%| F|  |TAMS 0x0000000707000000, 0x0000000707000000| Untracked 
|  59|0x0000000707100000, 0x0000000707100000, 0x0000000707200000|  0%| F|  |TAMS 0x0000000707100000, 0x0000000707100000| Untracked 
|  60|0x0000000707200000, 0x0000000707200000, 0x0000000707300000|  0%| F|  |TAMS 0x0000000707200000, 0x0000000707200000| Untracked 
|  61|0x0000000707300000, 0x0000000707300000, 0x0000000707400000|  0%| F|  |TAMS 0x0000000707300000, 0x0000000707300000| Untracked 
|  62|0x0000000707400000, 0x0000000707400000, 0x0000000707500000|  0%| F|  |TAMS 0x0000000707400000, 0x0000000707400000| Untracked 
|  63|0x0000000707500000, 0x0000000707500000, 0x0000000707600000|  0%| F|  |TAMS 0x0000000707500000, 0x0000000707500000| Untracked 
|  64|0x0000000707600000, 0x0000000707600000, 0x0000000707700000|  0%| F|  |TAMS 0x0000000707600000, 0x0000000707600000| Untracked 
|  65|0x0000000707700000, 0x0000000707700000, 0x0000000707800000|  0%| F|  |TAMS 0x0000000707700000, 0x0000000707700000| Untracked 
|  66|0x0000000707800000, 0x0000000707800000, 0x0000000707900000|  0%| F|  |TAMS 0x0000000707800000, 0x0000000707800000| Untracked 
|  67|0x0000000707900000, 0x0000000707900000, 0x0000000707a00000|  0%| F|  |TAMS 0x0000000707900000, 0x0000000707900000| Untracked 
|  68|0x0000000707a00000, 0x0000000707a00000, 0x0000000707b00000|  0%| F|  |TAMS 0x0000000707a00000, 0x0000000707a00000| Untracked 
|  69|0x0000000707b00000, 0x0000000707b00000, 0x0000000707c00000|  0%| F|  |TAMS 0x0000000707b00000, 0x0000000707b00000| Untracked 
|  70|0x0000000707c00000, 0x0000000707c00000, 0x0000000707d00000|  0%| F|  |TAMS 0x0000000707c00000, 0x0000000707c00000| Untracked 
|  71|0x0000000707d00000, 0x0000000707d00000, 0x0000000707e00000|  0%| F|  |TAMS 0x0000000707d00000, 0x0000000707d00000| Untracked 
|  72|0x0000000707e00000, 0x0000000707e00000, 0x0000000707f00000|  0%| F|  |TAMS 0x0000000707e00000, 0x0000000707e00000| Untracked 
|  73|0x0000000707f00000, 0x0000000707f00000, 0x0000000708000000|  0%| F|  |TAMS 0x0000000707f00000, 0x0000000707f00000| Untracked 
|  74|0x0000000708000000, 0x0000000708000000, 0x0000000708100000|  0%| F|  |TAMS 0x0000000708000000, 0x0000000708000000| Untracked 
|  75|0x0000000708100000, 0x0000000708100000, 0x0000000708200000|  0%| F|  |TAMS 0x0000000708100000, 0x0000000708100000| Untracked 
|  76|0x0000000708200000, 0x0000000708200000, 0x0000000708300000|  0%| F|  |TAMS 0x0000000708200000, 0x0000000708200000| Untracked 
|  77|0x0000000708300000, 0x0000000708300000, 0x0000000708400000|  0%| F|  |TAMS 0x0000000708300000, 0x0000000708300000| Untracked 
|  78|0x0000000708400000, 0x0000000708400000, 0x0000000708500000|  0%| F|  |TAMS 0x0000000708400000, 0x0000000708400000| Untracked 
|  79|0x0000000708500000, 0x0000000708500000, 0x0000000708600000|  0%| F|  |TAMS 0x0000000708500000, 0x0000000708500000| Untracked 
|  80|0x0000000708600000, 0x0000000708600000, 0x0000000708700000|  0%| F|  |TAMS 0x0000000708600000, 0x0000000708600000| Untracked 
|  81|0x0000000708700000, 0x0000000708700000, 0x0000000708800000|  0%| F|  |TAMS 0x0000000708700000, 0x0000000708700000| Untracked 
|  82|0x0000000708800000, 0x0000000708800000, 0x0000000708900000|  0%| F|  |TAMS 0x0000000708800000, 0x0000000708800000| Untracked 
|  83|0x0000000708900000, 0x0000000708900000, 0x0000000708a00000|  0%| F|  |TAMS 0x0000000708900000, 0x0000000708900000| Untracked 
|  84|0x0000000708a00000, 0x0000000708a00000, 0x0000000708b00000|  0%| F|  |TAMS 0x0000000708a00000, 0x0000000708a00000| Untracked 
|  85|0x0000000708b00000, 0x0000000708b00000, 0x0000000708c00000|  0%| F|  |TAMS 0x0000000708b00000, 0x0000000708b00000| Untracked 
|  86|0x0000000708c00000, 0x0000000708c00000, 0x0000000708d00000|  0%| F|  |TAMS 0x0000000708c00000, 0x0000000708c00000| Untracked 
|  87|0x0000000708d00000, 0x0000000708d00000, 0x0000000708e00000|  0%| F|  |TAMS 0x0000000708d00000, 0x0000000708d00000| Untracked 
|  88|0x0000000708e00000, 0x0000000708e00000, 0x0000000708f00000|  0%| F|  |TAMS 0x0000000708e00000, 0x0000000708e00000| Untracked 
|  89|0x0000000708f00000, 0x0000000708f00000, 0x0000000709000000|  0%| F|  |TAMS 0x0000000708f00000, 0x0000000708f00000| Untracked 
|  90|0x0000000709000000, 0x0000000709000000, 0x0000000709100000|  0%| F|  |TAMS 0x0000000709000000, 0x0000000709000000| Untracked 
|  91|0x0000000709100000, 0x0000000709100000, 0x0000000709200000|  0%| F|  |TAMS 0x0000000709100000, 0x0000000709100000| Untracked 
|  92|0x0000000709200000, 0x0000000709200000, 0x0000000709300000|  0%| F|  |TAMS 0x0000000709200000, 0x0000000709200000| Untracked 
|  93|0x0000000709300000, 0x0000000709300000, 0x0000000709400000|  0%| F|  |TAMS 0x0000000709300000, 0x0000000709300000| Untracked 
|  94|0x0000000709400000, 0x0000000709400000, 0x0000000709500000|  0%| F|  |TAMS 0x0000000709400000, 0x0000000709400000| Untracked 
|  95|0x0000000709500000, 0x0000000709500000, 0x0000000709600000|  0%| F|  |TAMS 0x0000000709500000, 0x0000000709500000| Untracked 
|  96|0x0000000709600000, 0x0000000709600000, 0x0000000709700000|  0%| F|  |TAMS 0x0000000709600000, 0x0000000709600000| Untracked 
|  97|0x0000000709700000, 0x0000000709700000, 0x0000000709800000|  0%| F|  |TAMS 0x0000000709700000, 0x0000000709700000| Untracked 
|  98|0x0000000709800000, 0x0000000709800000, 0x0000000709900000|  0%| F|  |TAMS 0x0000000709800000, 0x0000000709800000| Untracked 
|  99|0x0000000709900000, 0x0000000709900000, 0x0000000709a00000|  0%| F|  |TAMS 0x0000000709900000, 0x0000000709900000| Untracked 
| 100|0x0000000709a00000, 0x0000000709a00000, 0x0000000709b00000|  0%| F|  |TAMS 0x0000000709a00000, 0x0000000709a00000| Untracked 
| 101|0x0000000709b00000, 0x0000000709b00000, 0x0000000709c00000|  0%| F|  |TAMS 0x0000000709b00000, 0x0000000709b00000| Untracked 
| 102|0x0000000709c00000, 0x0000000709c00000, 0x0000000709d00000|  0%| F|  |TAMS 0x0000000709c00000, 0x0000000709c00000| Untracked 
| 103|0x0000000709d00000, 0x0000000709d00000, 0x0000000709e00000|  0%| F|  |TAMS 0x0000000709d00000, 0x0000000709d00000| Untracked 
| 104|0x0000000709e00000, 0x0000000709e00000, 0x0000000709f00000|  0%| F|  |TAMS 0x0000000709e00000, 0x0000000709e00000| Untracked 
| 105|0x0000000709f00000, 0x0000000709f00000, 0x000000070a000000|  0%| F|  |TAMS 0x0000000709f00000, 0x0000000709f00000| Untracked 
| 106|0x000000070a000000, 0x000000070a000000, 0x000000070a100000|  0%| F|  |TAMS 0x000000070a000000, 0x000000070a000000| Untracked 
| 107|0x000000070a100000, 0x000000070a100000, 0x000000070a200000|  0%| F|  |TAMS 0x000000070a100000, 0x000000070a100000| Untracked 
| 108|0x000000070a200000, 0x000000070a200000, 0x000000070a300000|  0%| F|  |TAMS 0x000000070a200000, 0x000000070a200000| Untracked 
| 109|0x000000070a300000, 0x000000070a300000, 0x000000070a400000|  0%| F|  |TAMS 0x000000070a300000, 0x000000070a300000| Untracked 
| 110|0x000000070a400000, 0x000000070a400000, 0x000000070a500000|  0%| F|  |TAMS 0x000000070a400000, 0x000000070a400000| Untracked 
| 111|0x000000070a500000, 0x000000070a500000, 0x000000070a600000|  0%| F|  |TAMS 0x000000070a500000, 0x000000070a500000| Untracked 
| 112|0x000000070a600000, 0x000000070a600000, 0x000000070a700000|  0%| F|  |TAMS 0x000000070a600000, 0x000000070a600000| Untracked 
| 113|0x000000070a700000, 0x000000070a700000, 0x000000070a800000|  0%| F|  |TAMS 0x000000070a700000, 0x000000070a700000| Untracked 
| 114|0x000000070a800000, 0x000000070a800000, 0x000000070a900000|  0%| F|  |TAMS 0x000000070a800000, 0x000000070a800000| Untracked 
| 115|0x000000070a900000, 0x000000070a900000, 0x000000070aa00000|  0%| F|  |TAMS 0x000000070a900000, 0x000000070a900000| Untracked 
| 116|0x000000070aa00000, 0x000000070aa00000, 0x000000070ab00000|  0%| F|  |TAMS 0x000000070aa00000, 0x000000070aa00000| Untracked 
| 117|0x000000070ab00000, 0x000000070ab00000, 0x000000070ac00000|  0%| F|  |TAMS 0x000000070ab00000, 0x000000070ab00000| Untracked 
| 118|0x000000070ac00000, 0x000000070ac00000, 0x000000070ad00000|  0%| F|  |TAMS 0x000000070ac00000, 0x000000070ac00000| Untracked 
| 119|0x000000070ad00000, 0x000000070ad00000, 0x000000070ae00000|  0%| F|  |TAMS 0x000000070ad00000, 0x000000070ad00000| Untracked 
| 120|0x000000070ae00000, 0x000000070ae00000, 0x000000070af00000|  0%| F|  |TAMS 0x000000070ae00000, 0x000000070ae00000| Untracked 
| 121|0x000000070af00000, 0x000000070af00000, 0x000000070b000000|  0%| F|  |TAMS 0x000000070af00000, 0x000000070af00000| Untracked 
| 122|0x000000070b000000, 0x000000070b000000, 0x000000070b100000|  0%| F|  |TAMS 0x000000070b000000, 0x000000070b000000| Untracked 
| 123|0x000000070b100000, 0x000000070b100000, 0x000000070b200000|  0%| F|  |TAMS 0x000000070b100000, 0x000000070b100000| Untracked 
| 124|0x000000070b200000, 0x000000070b200000, 0x000000070b300000|  0%| F|  |TAMS 0x000000070b200000, 0x000000070b200000| Untracked 
| 125|0x000000070b300000, 0x000000070b300000, 0x000000070b400000|  0%| F|  |TAMS 0x000000070b300000, 0x000000070b300000| Untracked 
| 126|0x000000070b400000, 0x000000070b400000, 0x000000070b500000|  0%| F|  |TAMS 0x000000070b400000, 0x000000070b400000| Untracked 
| 127|0x000000070b500000, 0x000000070b500000, 0x000000070b600000|  0%| F|  |TAMS 0x000000070b500000, 0x000000070b500000| Untracked 
| 128|0x000000070b600000, 0x000000070b600000, 0x000000070b700000|  0%| F|  |TAMS 0x000000070b600000, 0x000000070b600000| Untracked 
| 129|0x000000070b700000, 0x000000070b700000, 0x000000070b800000|  0%| F|  |TAMS 0x000000070b700000, 0x000000070b700000| Untracked 
| 130|0x000000070b800000, 0x000000070b800000, 0x000000070b900000|  0%| F|  |TAMS 0x000000070b800000, 0x000000070b800000| Untracked 
| 131|0x000000070b900000, 0x000000070b900000, 0x000000070ba00000|  0%| F|  |TAMS 0x000000070b900000, 0x000000070b900000| Untracked 
| 132|0x000000070ba00000, 0x000000070ba00000, 0x000000070bb00000|  0%| F|  |TAMS 0x000000070ba00000, 0x000000070ba00000| Untracked 
| 133|0x000000070bb00000, 0x000000070bb00000, 0x000000070bc00000|  0%| F|  |TAMS 0x000000070bb00000, 0x000000070bb00000| Untracked 
| 134|0x000000070bc00000, 0x000000070bc00000, 0x000000070bd00000|  0%| F|  |TAMS 0x000000070bc00000, 0x000000070bc00000| Untracked 
| 135|0x000000070bd00000, 0x000000070bd00000, 0x000000070be00000|  0%| F|  |TAMS 0x000000070bd00000, 0x000000070bd00000| Untracked 
| 136|0x000000070be00000, 0x000000070be00000, 0x000000070bf00000|  0%| F|  |TAMS 0x000000070be00000, 0x000000070be00000| Untracked 
| 137|0x000000070bf00000, 0x000000070bf00000, 0x000000070c000000|  0%| F|  |TAMS 0x000000070bf00000, 0x000000070bf00000| Untracked 
| 138|0x000000070c000000, 0x000000070c000000, 0x000000070c100000|  0%| F|  |TAMS 0x000000070c000000, 0x000000070c000000| Untracked 
| 139|0x000000070c100000, 0x000000070c100000, 0x000000070c200000|  0%| F|  |TAMS 0x000000070c100000, 0x000000070c100000| Untracked 
| 140|0x000000070c200000, 0x000000070c200000, 0x000000070c300000|  0%| F|  |TAMS 0x000000070c200000, 0x000000070c200000| Untracked 
| 141|0x000000070c300000, 0x000000070c300000, 0x000000070c400000|  0%| F|  |TAMS 0x000000070c300000, 0x000000070c300000| Untracked 
| 142|0x000000070c400000, 0x000000070c400000, 0x000000070c500000|  0%| F|  |TAMS 0x000000070c400000, 0x000000070c400000| Untracked 
| 143|0x000000070c500000, 0x000000070c500000, 0x000000070c600000|  0%| F|  |TAMS 0x000000070c500000, 0x000000070c500000| Untracked 
| 144|0x000000070c600000, 0x000000070c600000, 0x000000070c700000|  0%| F|  |TAMS 0x000000070c600000, 0x000000070c600000| Untracked 
| 145|0x000000070c700000, 0x000000070c700000, 0x000000070c800000|  0%| F|  |TAMS 0x000000070c700000, 0x000000070c700000| Untracked 
| 146|0x000000070c800000, 0x000000070c800000, 0x000000070c900000|  0%| F|  |TAMS 0x000000070c800000, 0x000000070c800000| Untracked 
| 147|0x000000070c900000, 0x000000070c900000, 0x000000070ca00000|  0%| F|  |TAMS 0x000000070c900000, 0x000000070c900000| Untracked 
| 148|0x000000070ca00000, 0x000000070ca00000, 0x000000070cb00000|  0%| F|  |TAMS 0x000000070ca00000, 0x000000070ca00000| Untracked 
| 149|0x000000070cb00000, 0x000000070cb00000, 0x000000070cc00000|  0%| F|  |TAMS 0x000000070cb00000, 0x000000070cb00000| Untracked 
| 150|0x000000070cc00000, 0x000000070cc00000, 0x000000070cd00000|  0%| F|  |TAMS 0x000000070cc00000, 0x000000070cc00000| Untracked 
| 151|0x000000070cd00000, 0x000000070cd00000, 0x000000070ce00000|  0%| F|  |TAMS 0x000000070cd00000, 0x000000070cd00000| Untracked 
| 152|0x000000070ce00000, 0x000000070ce00000, 0x000000070cf00000|  0%| F|  |TAMS 0x000000070ce00000, 0x000000070ce00000| Untracked 
| 153|0x000000070cf00000, 0x000000070cf00000, 0x000000070d000000|  0%| F|  |TAMS 0x000000070cf00000, 0x000000070cf00000| Untracked 
| 154|0x000000070d000000, 0x000000070d000000, 0x000000070d100000|  0%| F|  |TAMS 0x000000070d000000, 0x000000070d000000| Untracked 
| 155|0x000000070d100000, 0x000000070d100000, 0x000000070d200000|  0%| F|  |TAMS 0x000000070d100000, 0x000000070d100000| Untracked 
| 156|0x000000070d200000, 0x000000070d200000, 0x000000070d300000|  0%| F|  |TAMS 0x000000070d200000, 0x000000070d200000| Untracked 
| 157|0x000000070d300000, 0x000000070d300000, 0x000000070d400000|  0%| F|  |TAMS 0x000000070d300000, 0x000000070d300000| Untracked 
| 158|0x000000070d400000, 0x000000070d400000, 0x000000070d500000|  0%| F|  |TAMS 0x000000070d400000, 0x000000070d400000| Untracked 
| 159|0x000000070d500000, 0x000000070d500000, 0x000000070d600000|  0%| F|  |TAMS 0x000000070d500000, 0x000000070d500000| Untracked 
| 160|0x000000070d600000, 0x000000070d600000, 0x000000070d700000|  0%| F|  |TAMS 0x000000070d600000, 0x000000070d600000| Untracked 
| 161|0x000000070d700000, 0x000000070d700000, 0x000000070d800000|  0%| F|  |TAMS 0x000000070d700000, 0x000000070d700000| Untracked 
| 162|0x000000070d800000, 0x000000070d800000, 0x000000070d900000|  0%| F|  |TAMS 0x000000070d800000, 0x000000070d800000| Untracked 
| 163|0x000000070d900000, 0x000000070d900000, 0x000000070da00000|  0%| F|  |TAMS 0x000000070d900000, 0x000000070d900000| Untracked 
| 164|0x000000070da00000, 0x000000070da00000, 0x000000070db00000|  0%| F|  |TAMS 0x000000070da00000, 0x000000070da00000| Untracked 
| 165|0x000000070db00000, 0x000000070db00000, 0x000000070dc00000|  0%| F|  |TAMS 0x000000070db00000, 0x000000070db00000| Untracked 
| 166|0x000000070dc00000, 0x000000070dc00000, 0x000000070dd00000|  0%| F|  |TAMS 0x000000070dc00000, 0x000000070dc00000| Untracked 
| 167|0x000000070dd00000, 0x000000070dd00000, 0x000000070de00000|  0%| F|  |TAMS 0x000000070dd00000, 0x000000070dd00000| Untracked 
| 168|0x000000070de00000, 0x000000070de00000, 0x000000070df00000|  0%| F|  |TAMS 0x000000070de00000, 0x000000070de00000| Untracked 
| 169|0x000000070df00000, 0x000000070df00000, 0x000000070e000000|  0%| F|  |TAMS 0x000000070df00000, 0x000000070df00000| Untracked 
| 170|0x000000070e000000, 0x000000070e000000, 0x000000070e100000|  0%| F|  |TAMS 0x000000070e000000, 0x000000070e000000| Untracked 
| 171|0x000000070e100000, 0x000000070e100000, 0x000000070e200000|  0%| F|  |TAMS 0x000000070e100000, 0x000000070e100000| Untracked 
| 172|0x000000070e200000, 0x000000070e200000, 0x000000070e300000|  0%| F|  |TAMS 0x000000070e200000, 0x000000070e200000| Untracked 
| 173|0x000000070e300000, 0x000000070e300000, 0x000000070e400000|  0%| F|  |TAMS 0x000000070e300000, 0x000000070e300000| Untracked 
| 174|0x000000070e400000, 0x000000070e400000, 0x000000070e500000|  0%| F|  |TAMS 0x000000070e400000, 0x000000070e400000| Untracked 
| 175|0x000000070e500000, 0x000000070e500000, 0x000000070e600000|  0%| F|  |TAMS 0x000000070e500000, 0x000000070e500000| Untracked 
| 176|0x000000070e600000, 0x000000070e600000, 0x000000070e700000|  0%| F|  |TAMS 0x000000070e600000, 0x000000070e600000| Untracked 
| 177|0x000000070e700000, 0x000000070e700000, 0x000000070e800000|  0%| F|  |TAMS 0x000000070e700000, 0x000000070e700000| Untracked 
| 178|0x000000070e800000, 0x000000070e800000, 0x000000070e900000|  0%| F|  |TAMS 0x000000070e800000, 0x000000070e800000| Untracked 
| 179|0x000000070e900000, 0x000000070e900000, 0x000000070ea00000|  0%| F|  |TAMS 0x000000070e900000, 0x000000070e900000| Untracked 
| 180|0x000000070ea00000, 0x000000070ea00000, 0x000000070eb00000|  0%| F|  |TAMS 0x000000070ea00000, 0x000000070ea00000| Untracked 
| 181|0x000000070eb00000, 0x000000070eb00000, 0x000000070ec00000|  0%| F|  |TAMS 0x000000070eb00000, 0x000000070eb00000| Untracked 
| 182|0x000000070ec00000, 0x000000070ec00000, 0x000000070ed00000|  0%| F|  |TAMS 0x000000070ec00000, 0x000000070ec00000| Untracked 
| 183|0x000000070ed00000, 0x000000070ed00000, 0x000000070ee00000|  0%| F|  |TAMS 0x000000070ed00000, 0x000000070ed00000| Untracked 
| 184|0x000000070ee00000, 0x000000070ee00000, 0x000000070ef00000|  0%| F|  |TAMS 0x000000070ee00000, 0x000000070ee00000| Untracked 
| 185|0x000000070ef00000, 0x000000070ef00000, 0x000000070f000000|  0%| F|  |TAMS 0x000000070ef00000, 0x000000070ef00000| Untracked 
| 186|0x000000070f000000, 0x000000070f000000, 0x000000070f100000|  0%| F|  |TAMS 0x000000070f000000, 0x000000070f000000| Untracked 
| 187|0x000000070f100000, 0x000000070f100000, 0x000000070f200000|  0%| F|  |TAMS 0x000000070f100000, 0x000000070f100000| Untracked 
| 188|0x000000070f200000, 0x000000070f200000, 0x000000070f300000|  0%| F|  |TAMS 0x000000070f200000, 0x000000070f200000| Untracked 
| 189|0x000000070f300000, 0x000000070f300000, 0x000000070f400000|  0%| F|  |TAMS 0x000000070f300000, 0x000000070f300000| Untracked 
| 190|0x000000070f400000, 0x000000070f400000, 0x000000070f500000|  0%| F|  |TAMS 0x000000070f400000, 0x000000070f400000| Untracked 
| 191|0x000000070f500000, 0x000000070f500000, 0x000000070f600000|  0%| F|  |TAMS 0x000000070f500000, 0x000000070f500000| Untracked 
| 192|0x000000070f600000, 0x000000070f600000, 0x000000070f700000|  0%| F|  |TAMS 0x000000070f600000, 0x000000070f600000| Untracked 
| 193|0x000000070f700000, 0x000000070f700000, 0x000000070f800000|  0%| F|  |TAMS 0x000000070f700000, 0x000000070f700000| Untracked 
| 194|0x000000070f800000, 0x000000070f800000, 0x000000070f900000|  0%| F|  |TAMS 0x000000070f800000, 0x000000070f800000| Untracked 
| 195|0x000000070f900000, 0x000000070f900000, 0x000000070fa00000|  0%| F|  |TAMS 0x000000070f900000, 0x000000070f900000| Untracked 
| 196|0x000000070fa00000, 0x000000070fa00000, 0x000000070fb00000|  0%| F|  |TAMS 0x000000070fa00000, 0x000000070fa00000| Untracked 
| 197|0x000000070fb00000, 0x000000070fb00000, 0x000000070fc00000|  0%| F|  |TAMS 0x000000070fb00000, 0x000000070fb00000| Untracked 
| 198|0x000000070fc00000, 0x000000070fc00000, 0x000000070fd00000|  0%| F|  |TAMS 0x000000070fc00000, 0x000000070fc00000| Untracked 
| 199|0x000000070fd00000, 0x000000070fd00000, 0x000000070fe00000|  0%| F|  |TAMS 0x000000070fd00000, 0x000000070fd00000| Untracked 
| 200|0x000000070fe00000, 0x000000070fe00000, 0x000000070ff00000|  0%| F|  |TAMS 0x000000070fe00000, 0x000000070fe00000| Untracked 
| 201|0x000000070ff00000, 0x000000070ff00000, 0x0000000710000000|  0%| F|  |TAMS 0x000000070ff00000, 0x000000070ff00000| Untracked 
| 202|0x0000000710000000, 0x0000000710000000, 0x0000000710100000|  0%| F|  |TAMS 0x0000000710000000, 0x0000000710000000| Untracked 
| 203|0x0000000710100000, 0x0000000710100000, 0x0000000710200000|  0%| F|  |TAMS 0x0000000710100000, 0x0000000710100000| Untracked 
| 204|0x0000000710200000, 0x0000000710200000, 0x0000000710300000|  0%| F|  |TAMS 0x0000000710200000, 0x0000000710200000| Untracked 
| 205|0x0000000710300000, 0x0000000710300000, 0x0000000710400000|  0%| F|  |TAMS 0x0000000710300000, 0x0000000710300000| Untracked 
| 206|0x0000000710400000, 0x0000000710400000, 0x0000000710500000|  0%| F|  |TAMS 0x0000000710400000, 0x0000000710400000| Untracked 
| 207|0x0000000710500000, 0x0000000710500000, 0x0000000710600000|  0%| F|  |TAMS 0x0000000710500000, 0x0000000710500000| Untracked 
| 208|0x0000000710600000, 0x0000000710600000, 0x0000000710700000|  0%| F|  |TAMS 0x0000000710600000, 0x0000000710600000| Untracked 
| 209|0x0000000710700000, 0x0000000710700000, 0x0000000710800000|  0%| F|  |TAMS 0x0000000710700000, 0x0000000710700000| Untracked 
| 210|0x0000000710800000, 0x0000000710800000, 0x0000000710900000|  0%| F|  |TAMS 0x0000000710800000, 0x0000000710800000| Untracked 
| 211|0x0000000710900000, 0x0000000710900000, 0x0000000710a00000|  0%| F|  |TAMS 0x0000000710900000, 0x0000000710900000| Untracked 
| 212|0x0000000710a00000, 0x0000000710a00000, 0x0000000710b00000|  0%| F|  |TAMS 0x0000000710a00000, 0x0000000710a00000| Untracked 
| 213|0x0000000710b00000, 0x0000000710b00000, 0x0000000710c00000|  0%| F|  |TAMS 0x0000000710b00000, 0x0000000710b00000| Untracked 
| 214|0x0000000710c00000, 0x0000000710c00000, 0x0000000710d00000|  0%| F|  |TAMS 0x0000000710c00000, 0x0000000710c00000| Untracked 
| 215|0x0000000710d00000, 0x0000000710d00000, 0x0000000710e00000|  0%| F|  |TAMS 0x0000000710d00000, 0x0000000710d00000| Untracked 
| 216|0x0000000710e00000, 0x0000000710e00000, 0x0000000710f00000|  0%| F|  |TAMS 0x0000000710e00000, 0x0000000710e00000| Untracked 
| 217|0x0000000710f00000, 0x0000000710f00000, 0x0000000711000000|  0%| F|  |TAMS 0x0000000710f00000, 0x0000000710f00000| Untracked 
| 218|0x0000000711000000, 0x0000000711000000, 0x0000000711100000|  0%| F|  |TAMS 0x0000000711000000, 0x0000000711000000| Untracked 
| 219|0x0000000711100000, 0x0000000711100000, 0x0000000711200000|  0%| F|  |TAMS 0x0000000711100000, 0x0000000711100000| Untracked 
| 220|0x0000000711200000, 0x0000000711200000, 0x0000000711300000|  0%| F|  |TAMS 0x0000000711200000, 0x0000000711200000| Untracked 
| 221|0x0000000711300000, 0x0000000711300000, 0x0000000711400000|  0%| F|  |TAMS 0x0000000711300000, 0x0000000711300000| Untracked 
| 222|0x0000000711400000, 0x0000000711400000, 0x0000000711500000|  0%| F|  |TAMS 0x0000000711400000, 0x0000000711400000| Untracked 
| 223|0x0000000711500000, 0x0000000711595988, 0x0000000711600000| 58%| S|CS|TAMS 0x0000000711500000, 0x0000000711500000| Complete 
| 224|0x0000000711600000, 0x0000000711700000, 0x0000000711700000|100%| S|CS|TAMS 0x0000000711600000, 0x0000000711600000| Complete 
| 225|0x0000000711700000, 0x0000000711800000, 0x0000000711800000|100%| S|CS|TAMS 0x0000000711700000, 0x0000000711700000| Complete 
| 226|0x0000000711800000, 0x0000000711900000, 0x0000000711900000|100%| S|CS|TAMS 0x0000000711800000, 0x0000000711800000| Complete 
| 227|0x0000000711900000, 0x0000000711900000, 0x0000000711a00000|  0%| F|  |TAMS 0x0000000711900000, 0x0000000711900000| Untracked 
| 228|0x0000000711a00000, 0x0000000711a00000, 0x0000000711b00000|  0%| F|  |TAMS 0x0000000711a00000, 0x0000000711a00000| Untracked 
| 229|0x0000000711b00000, 0x0000000711b00000, 0x0000000711c00000|  0%| F|  |TAMS 0x0000000711b00000, 0x0000000711b00000| Untracked 
| 230|0x0000000711c00000, 0x0000000711d00000, 0x0000000711d00000|100%| S|CS|TAMS 0x0000000711c00000, 0x0000000711c00000| Complete 
| 231|0x0000000711d00000, 0x0000000711e00000, 0x0000000711e00000|100%| S|CS|TAMS 0x0000000711d00000, 0x0000000711d00000| Complete 
| 232|0x0000000711e00000, 0x0000000711e00000, 0x0000000711f00000|  0%| F|  |TAMS 0x0000000711e00000, 0x0000000711e00000| Untracked 
| 233|0x0000000711f00000, 0x0000000711f00000, 0x0000000712000000|  0%| F|  |TAMS 0x0000000711f00000, 0x0000000711f00000| Untracked 
| 234|0x0000000712000000, 0x0000000712000000, 0x0000000712100000|  0%| F|  |TAMS 0x0000000712000000, 0x0000000712000000| Untracked 
| 235|0x0000000712100000, 0x0000000712100000, 0x0000000712200000|  0%| F|  |TAMS 0x0000000712100000, 0x0000000712100000| Untracked 
| 236|0x0000000712200000, 0x0000000712200000, 0x0000000712300000|  0%| F|  |TAMS 0x0000000712200000, 0x0000000712200000| Untracked 
| 237|0x0000000712300000, 0x0000000712300000, 0x0000000712400000|  0%| F|  |TAMS 0x0000000712300000, 0x0000000712300000| Untracked 
| 238|0x0000000712400000, 0x0000000712400000, 0x0000000712500000|  0%| F|  |TAMS 0x0000000712400000, 0x0000000712400000| Untracked 
| 239|0x0000000712500000, 0x0000000712500000, 0x0000000712600000|  0%| F|  |TAMS 0x0000000712500000, 0x0000000712500000| Untracked 
| 240|0x0000000712600000, 0x0000000712600000, 0x0000000712700000|  0%| F|  |TAMS 0x0000000712600000, 0x0000000712600000| Untracked 
| 241|0x0000000712700000, 0x0000000712700000, 0x0000000712800000|  0%| F|  |TAMS 0x0000000712700000, 0x0000000712700000| Untracked 
| 242|0x0000000712800000, 0x0000000712882010, 0x0000000712900000| 50%| E|  |TAMS 0x0000000712800000, 0x0000000712800000| Complete 
| 243|0x0000000712900000, 0x0000000712a00000, 0x0000000712a00000|100%| E|CS|TAMS 0x0000000712900000, 0x0000000712900000| Complete 
| 244|0x0000000712a00000, 0x0000000712b00000, 0x0000000712b00000|100%| E|CS|TAMS 0x0000000712a00000, 0x0000000712a00000| Complete 
| 245|0x0000000712b00000, 0x0000000712c00000, 0x0000000712c00000|100%| E|CS|TAMS 0x0000000712b00000, 0x0000000712b00000| Complete 
| 246|0x0000000712c00000, 0x0000000712d00000, 0x0000000712d00000|100%| E|CS|TAMS 0x0000000712c00000, 0x0000000712c00000| Complete 
| 247|0x0000000712d00000, 0x0000000712e00000, 0x0000000712e00000|100%| E|CS|TAMS 0x0000000712d00000, 0x0000000712d00000| Complete 
| 248|0x0000000712e00000, 0x0000000712f00000, 0x0000000712f00000|100%| E|CS|TAMS 0x0000000712e00000, 0x0000000712e00000| Complete 
| 249|0x0000000712f00000, 0x0000000713000000, 0x0000000713000000|100%| E|CS|TAMS 0x0000000712f00000, 0x0000000712f00000| Complete 
| 250|0x0000000713000000, 0x0000000713100000, 0x0000000713100000|100%| E|CS|TAMS 0x0000000713000000, 0x0000000713000000| Complete 
| 251|0x0000000713100000, 0x0000000713200000, 0x0000000713200000|100%| E|  |TAMS 0x0000000713100000, 0x0000000713100000| Complete 
| 252|0x0000000713200000, 0x0000000713300000, 0x0000000713300000|100%| E|CS|TAMS 0x0000000713200000, 0x0000000713200000| Complete 
| 253|0x0000000713300000, 0x0000000713400000, 0x0000000713400000|100%| E|CS|TAMS 0x0000000713300000, 0x0000000713300000| Complete 

Card table byte_map: [0x0000024b52ee0000,0x0000024b536d0000] _byte_map_base: 0x0000024b4f6c5000

Marking Bits (Prev, Next): (CMBitMap*) 0x0000024b3bdcbc50, (CMBitMap*) 0x0000024b3bdcbc18
 Prev Bits: [0x0000024b57df0000, 0x0000024b5bd18000)
 Next Bits: [0x0000024b53ec0000, 0x0000024b57de8000)

Polling page: 0x0000024b3b550000

Metaspace:

Usage:
  Non-class:     20.16 MB capacity,    19.72 MB ( 98%) used,   363.12 KB (  2%) free+waste,    82.25 KB ( <1%) overhead. 
      Class:      3.23 MB capacity,     2.92 MB ( 90%) used,   281.53 KB (  9%) free+waste,    44.75 KB (  1%) overhead. 
       Both:     23.39 MB capacity,    22.64 MB ( 97%) used,   644.65 KB (  3%) free+waste,   127.00 KB ( <1%) overhead. 

Virtual space:
  Non-class space:       22.00 MB reserved,      20.25 MB ( 92%) committed 
      Class space:        1.00 GB reserved,       3.25 MB ( <1%) committed 
             Both:        1.02 GB reserved,      23.50 MB (  2%) committed 

Chunk freelists:
   Non-Class:  4.13 KB
       Class:  2.00 KB
        Both:  6.13 KB

CodeHeap 'non-profiled nmethods': size=120000Kb used=658Kb max_used=658Kb free=119341Kb
 bounds [0x0000024b4ae70000, 0x0000024b4b0e0000, 0x0000024b523a0000]
CodeHeap 'profiled nmethods': size=120000Kb used=3158Kb max_used=3158Kb free=116841Kb
 bounds [0x0000024b43940000, 0x0000024b43c60000, 0x0000024b4ae70000]
CodeHeap 'non-nmethods': size=5760Kb used=1314Kb max_used=1337Kb free=4445Kb
 bounds [0x0000024b433a0000, 0x0000024b43610000, 0x0000024b43940000]
 total_blobs=2447 nmethods=1740 adapters=618
 compilation: enabled
              stopped_count=0, restarted_count=0
 full_count=0

Compilation events (10 events):
Event: 2.140 Thread 0x0000024b5f1bc000 1737       3       jdk.internal.org.objectweb.asm.MethodVisitor::visitFieldInsn (20 bytes)
Event: 2.140 Thread 0x0000024b5f1bc000 nmethod 1737 0x0000024b43c54790 code [0x0000024b43c54940, 0x0000024b43c54b48]
Event: 2.142 Thread 0x0000024b60023800 nmethod 1736 0x0000024b4af0f910 code [0x0000024b4af0faa0, 0x0000024b4af0fcd8]
Event: 2.150 Thread 0x0000024b60023800 1738   !   4       java.util.WeakHashMap::expungeStaleEntries (139 bytes)
Event: 2.151 Thread 0x0000024b5f1bc000 1739       3       java.io.Bits::getInt (43 bytes)
Event: 2.152 Thread 0x0000024b5f1bc000 nmethod 1739 0x0000024b43c54c10 code [0x0000024b43c54da0, 0x0000024b43c54f38]
Event: 2.152 Thread 0x0000024b5f1bc000 1741       3       java.io.ObjectInputStream$BlockDataInputStream::readInt (73 bytes)
Event: 2.152 Thread 0x0000024b5f1bc000 nmethod 1741 0x0000024b43c55090 code [0x0000024b43c55260, 0x0000024b43c55508]
Event: 2.152 Thread 0x0000024b5f1bc000 1740       3       java.io.ObjectInputStream::readInt (8 bytes)
Event: 2.152 Thread 0x0000024b5f1bc000 nmethod 1740 0x0000024b43c55610 code [0x0000024b43c557c0, 0x0000024b43c55908]

GC Heap History (4 events):
Event: 1.624 GC heap before
{Heap before GC invocations=0 (full 0):
 garbage-first heap   total 260096K, used 25600K [0x0000000703600000, 0x0000000800000000)
  region size 1024K, 24 young (24576K), 0 survivors (0K)
 Metaspace       used 15219K, capacity 15561K, committed 15616K, reserved 1062912K
  class space    used 1591K, capacity 1765K, committed 1792K, reserved 1048576K
}
Event: 1.631 GC heap after
{Heap after GC invocations=1 (full 0):
 garbage-first heap   total 260096K, used 6030K [0x0000000703600000, 0x0000000800000000)
  region size 1024K, 3 young (3072K), 3 survivors (3072K)
 Metaspace       used 15219K, capacity 15561K, committed 15616K, reserved 1062912K
  class space    used 1591K, capacity 1765K, committed 1792K, reserved 1048576K
}
Event: 1.944 GC heap before
{Heap before GC invocations=1 (full 0):
 garbage-first heap   total 260096K, used 27534K [0x0000000703600000, 0x0000000800000000)
  region size 1024K, 25 young (25600K), 3 survivors (3072K)
 Metaspace       used 20587K, capacity 21137K, committed 21248K, reserved 1067008K
  class space    used 2459K, capacity 2734K, committed 2816K, reserved 1048576K
}
Event: 1.949 GC heap after
{Heap after GC invocations=2 (full 0):
 garbage-first heap   total 260096K, used 8676K [0x0000000703600000, 0x0000000800000000)
  region size 1024K, 6 young (6144K), 6 survivors (6144K)
 Metaspace       used 20587K, capacity 21137K, committed 21248K, reserved 1067008K
  class space    used 2459K, capacity 2734K, committed 2816K, reserved 1048576K
}

Deoptimization events (10 events):
Event: 1.926 Thread 0x0000024b5fc4d800 Uncommon trap: reason=profile_predicate action=maybe_recompile pc=0x0000024b4af05554 method=java.lang.PublicMethods$MethodList.filter([Ljava/lang/reflect/Method;Ljava/lang/String;[Ljava/lang/Class;Z)Ljava/lang/PublicMethods$MethodList; @ 21 c2
Event: 1.932 Thread 0x0000024b5fc4d800 Uncommon trap: reason=unstable_if action=reinterpret pc=0x0000024b4aefc000 method=java.util.HashMap.hash(Ljava/lang/Object;)I @ 1 c2
Event: 1.934 Thread 0x0000024b5fc4d800 Uncommon trap: reason=unstable_if action=reinterpret pc=0x0000024b4ae8af38 method=java.util.HashMap.hash(Ljava/lang/Object;)I @ 1 c2
Event: 2.054 Thread 0x0000024b5fc4d800 Uncommon trap: reason=class_check action=maybe_recompile pc=0x0000024b4ae809e8 method=java.lang.String.equals(Ljava/lang/Object;)Z @ 8 c2
Event: 2.054 Thread 0x0000024b5fc4d800 Uncommon trap: reason=class_check action=maybe_recompile pc=0x0000024b4ae809e8 method=java.lang.String.equals(Ljava/lang/Object;)Z @ 8 c2
Event: 2.054 Thread 0x0000024b5fc4d800 Uncommon trap: reason=class_check action=maybe_recompile pc=0x0000024b4ae809e8 method=java.lang.String.equals(Ljava/lang/Object;)Z @ 8 c2
Event: 2.055 Thread 0x0000024b5fc4d800 Uncommon trap: reason=class_check action=maybe_recompile pc=0x0000024b4ae809e8 method=java.lang.String.equals(Ljava/lang/Object;)Z @ 8 c2
Event: 2.069 Thread 0x0000024b5fc4d800 Uncommon trap: reason=profile_predicate action=maybe_recompile pc=0x0000024b4af05554 method=java.lang.PublicMethods$MethodList.filter([Ljava/lang/reflect/Method;Ljava/lang/String;[Ljava/lang/Class;Z)Ljava/lang/PublicMethods$MethodList; @ 21 c2
Event: 2.070 Thread 0x0000024b5fc4d800 Uncommon trap: reason=profile_predicate action=maybe_recompile pc=0x0000024b4af05554 method=java.lang.PublicMethods$MethodList.filter([Ljava/lang/reflect/Method;Ljava/lang/String;[Ljava/lang/Class;Z)Ljava/lang/PublicMethods$MethodList; @ 21 c2
Event: 2.073 Thread 0x0000024b5fc4d800 Uncommon trap: reason=profile_predicate action=maybe_recompile pc=0x0000024b4af05554 method=java.lang.PublicMethods$MethodList.filter([Ljava/lang/reflect/Method;Ljava/lang/String;[Ljava/lang/Class;Z)Ljava/lang/PublicMethods$MethodList; @ 21 c2

Classes redefined (0 events):
No events

Internal exceptions (10 events):
Event: 1.876 Thread 0x0000024b5fc4d800 Exception <a 'java/lang/NoSuchMethodError'{0x0000000712389458}: java.lang.invoke.DirectMethodHandle$Holder.invokeStaticInit(Ljava/lang/Object;Ljava/lang/Object;)V> (0x0000000712389458) thrown at [./open/src/hotspot/share/interpreter/linkResolver.cpp, line
Event: 1.880 Thread 0x0000024b5fc4d800 Exception <a 'java/lang/NoSuchMethodError'{0x00000007123bd7f0}: java.lang.invoke.DirectMethodHandle$Holder.invokeSpecial(Ljava/lang/Object;Ljava/lang/Object;Ljava/lang/Object;Ljava/lang/Object;Ljava/lang/Object;)V> (0x00000007123bd7f0) thrown at [./open/s
Event: 1.932 Thread 0x0000024b5fc4d800 Implicit null exception at 0x0000024b4aefbdf5 to 0x0000024b4aefbff0
Event: 1.934 Thread 0x0000024b5fc4d800 Implicit null exception at 0x0000024b4ae8aeaf to 0x0000024b4ae8af29
Event: 2.065 Thread 0x0000024b5fc4d800 Exception <a 'java/lang/NoSuchMethodError'{0x0000000712e3fbb8}: java.lang.invoke.DirectMethodHandle$Holder.invokeInterface(Ljava/lang/Object;Ljava/lang/Object;Ljava/lang/Object;)Ljava/lang/Object;> (0x0000000712e3fbb8) thrown at [./open/src/hotspot/share/
Event: 2.065 Thread 0x0000024b5fc4d800 Exception <a 'java/lang/IncompatibleClassChangeError'{0x0000000712e42b40}: Found class java.lang.Object, but interface was expected> (0x0000000712e42b40) thrown at [./open/src/hotspot/share/interpreter/linkResolver.cpp, line 838]
Event: 2.098 Thread 0x0000024b5fc4d800 Exception <a 'java/lang/ClassNotFoundException'{0x0000000712c266a8}: com/sun/javafx/scene/control/skin/resources/controls> (0x0000000712c266a8) thrown at [./open/src/hotspot/share/prims/jni.cpp, line 632]
Event: 2.098 Thread 0x0000024b5fc4d800 Exception <a 'java/lang/ClassNotFoundException'{0x0000000712c346a0}: com/sun/javafx/scene/control/skin/resources/controls_es> (0x0000000712c346a0) thrown at [./open/src/hotspot/share/prims/jni.cpp, line 632]
Event: 2.099 Thread 0x0000024b5fc4d800 Exception <a 'java/lang/ClassNotFoundException'{0x0000000712c42358}: com/sun/javafx/scene/control/skin/resources/controls_es_ES> (0x0000000712c42358) thrown at [./open/src/hotspot/share/prims/jni.cpp, line 632]
Event: 2.135 Thread 0x0000024b5fc4d800 Exception <a 'java/lang/NoSuchMethodError'{0x0000000712bee128}: java.lang.invoke.DirectMethodHandle$Holder.invokeSpecial(Ljava/lang/Object;Ljava/lang/Object;Ljava/lang/Object;Ljava/lang/Object;Ljava/lang/Object;Ljava/lang/Object;)V> (0x0000000712bee128) t

Events (10 events):
Event: 2.140 loading class javafx/beans/Observable done
Event: 2.140 loading class javafx/scene/control/skin/TextFieldSkin
Event: 2.140 loading class javafx/scene/control/skin/TextFieldSkin done
Event: 2.140 loading class org/netbeans/lib/profiler/wireprotocol/EventBufferDumpedCommand done
Event: 2.143 Executing VM operation: GetAllStackTraces
Event: 2.144 Executing VM operation: GetAllStackTraces done
Event: 2.147 loading class org/netbeans/lib/profiler/wireprotocol/DumpResultsResponse
Event: 2.147 loading class org/netbeans/lib/profiler/wireprotocol/DumpResultsResponse done
Event: 2.151 loading class org/netbeans/lib/profiler/wireprotocol/GetMethodNamesForJMethodIdsCommand
Event: 2.151 loading class org/netbeans/lib/profiler/wireprotocol/GetMethodNamesForJMethodIdsCommand done


Dynamic libraries:
0x00007ff70cda0000 - 0x00007ff70cdaf000 	C:\Program Files\Java\jdk-11.0.13\bin\java.exe
0x00007ffb3b3e0000 - 0x00007ffb3b5e9000 	C:\WINDOWS\SYSTEM32\ntdll.dll
0x00007ffb39950000 - 0x00007ffb39a0d000 	C:\WINDOWS\System32\KERNEL32.DLL
0x00007ffb388a0000 - 0x00007ffb38c19000 	C:\WINDOWS\System32\KERNELBASE.dll
0x00007ffb39130000 - 0x00007ffb39241000 	C:\WINDOWS\System32\ucrtbase.dll
0x00007ffb29650000 - 0x00007ffb29668000 	C:\Program Files\Java\jdk-11.0.13\bin\jli.dll
0x00007ffb2c980000 - 0x00007ffb2c995000 	C:\Program Files\Java\jdk-11.0.13\bin\VCRUNTIME140.dll
0x00007ffb39d30000 - 0x00007ffb39dde000 	C:\WINDOWS\System32\ADVAPI32.dll
0x00007ffb3ae50000 - 0x00007ffb3aef3000 	C:\WINDOWS\System32\msvcrt.dll
0x00007ffb39f70000 - 0x00007ffb3a00e000 	C:\WINDOWS\System32\sechost.dll
0x00007ffb39e50000 - 0x00007ffb39f70000 	C:\WINDOWS\System32\RPCRT4.dll
0x00007ffb39a30000 - 0x00007ffb39bdc000 	C:\WINDOWS\System32\USER32.dll
0x00007ffb1a8d0000 - 0x00007ffb1ab75000 	C:\WINDOWS\WinSxS\amd64_microsoft.windows.common-controls_6595b64144ccf1df_6.0.22000.120_none_9d947278b86cc467\COMCTL32.dll
0x00007ffb38e30000 - 0x00007ffb38e56000 	C:\WINDOWS\System32\win32u.dll
0x00007ffb392e0000 - 0x00007ffb39309000 	C:\WINDOWS\System32\GDI32.dll
0x00007ffb38c20000 - 0x00007ffb38d32000 	C:\WINDOWS\System32\gdi32full.dll
0x00007ffb38e60000 - 0x00007ffb38efd000 	C:\WINDOWS\System32\msvcp_win.dll
0x00007ffb2e230000 - 0x00007ffb2e23a000 	C:\WINDOWS\SYSTEM32\VERSION.dll
0x00007ffb3b130000 - 0x00007ffb3b161000 	C:\WINDOWS\System32\IMM32.DLL
0x00007ffb08060000 - 0x00007ffb080fb000 	C:\Program Files\Java\jdk-11.0.13\bin\msvcp140.dll
0x00007ffae57c0000 - 0x00007ffae62d3000 	C:\Program Files\Java\jdk-11.0.13\bin\server\jvm.dll
0x00007ffb3a7c0000 - 0x00007ffb3a7c8000 	C:\WINDOWS\System32\PSAPI.DLL
0x00007ffb2c9a0000 - 0x00007ffb2c9a9000 	C:\WINDOWS\SYSTEM32\WSOCK32.dll
0x00007ffb2f2d0000 - 0x00007ffb2f303000 	C:\WINDOWS\SYSTEM32\WINMM.dll
0x00007ffb39cc0000 - 0x00007ffb39d2f000 	C:\WINDOWS\System32\WS2_32.dll
0x00007ffb37a90000 - 0x00007ffb37aa8000 	C:\WINDOWS\SYSTEM32\kernel.appcore.dll
0x00007ffb23e60000 - 0x00007ffb23e70000 	C:\Program Files\Java\jdk-11.0.13\bin\verify.dll
0x00007ffb36250000 - 0x00007ffb36471000 	C:\WINDOWS\SYSTEM32\DBGHELP.DLL
0x00007ffb23220000 - 0x00007ffb23251000 	C:\WINDOWS\SYSTEM32\dbgcore.DLL
0x00007ffb38d40000 - 0x00007ffb38dbf000 	C:\WINDOWS\System32\bcryptPrimitives.dll
0x00007ffb2aeb0000 - 0x00007ffb2aed8000 	C:\Program Files\Java\jdk-11.0.13\bin\java.dll
0x00007ffb22420000 - 0x00007ffb2242a000 	C:\Program Files\Java\jdk-11.0.13\bin\jimage.dll
0x00007ffb2fcf0000 - 0x00007ffb2fcff000 	C:\Program Files\NetBeans-12.0\netbeans\profiler\lib\deployed\jdk16\windows-amd64\profilerinterface.dll
0x00007ffb22400000 - 0x00007ffb22416000 	C:\Program Files\Java\jdk-11.0.13\bin\zip.dll
0x00007ffb3a010000 - 0x00007ffb3a7bf000 	C:\WINDOWS\System32\SHELL32.dll
0x00007ffb36870000 - 0x00007ffb370d8000 	C:\WINDOWS\SYSTEM32\windows.storage.dll
0x00007ffb3a9a0000 - 0x00007ffb3ad18000 	C:\WINDOWS\System32\combase.dll
0x00007ffb36700000 - 0x00007ffb36866000 	C:\WINDOWS\SYSTEM32\wintypes.dll
0x00007ffb3af00000 - 0x00007ffb3afea000 	C:\WINDOWS\System32\SHCORE.dll
0x00007ffb3b170000 - 0x00007ffb3b1cd000 	C:\WINDOWS\System32\shlwapi.dll
0x00007ffb387d0000 - 0x00007ffb387f1000 	C:\WINDOWS\SYSTEM32\profapi.dll
0x00007ffb21ff0000 - 0x00007ffb22009000 	C:\Program Files\Java\jdk-11.0.13\bin\net.dll
0x00007ffb2ea90000 - 0x00007ffb2eb9c000 	C:\WINDOWS\SYSTEM32\WINHTTP.dll
0x00007ffb37ec0000 - 0x00007ffb37f27000 	C:\WINDOWS\system32\mswsock.dll
0x00007ffb1d770000 - 0x00007ffb1d782000 	C:\Program Files\Java\jdk-11.0.13\bin\nio.dll
0x00007ffb2ca90000 - 0x00007ffb2ca99000 	C:\Program Files\Java\jdk-11.0.13\bin\management.dll
0x00007ffb2ca80000 - 0x00007ffb2ca8b000 	C:\Program Files\Java\jdk-11.0.13\bin\management_ext.dll
0x00007ffb38100000 - 0x00007ffb38118000 	C:\WINDOWS\SYSTEM32\CRYPTSP.dll
0x00007ffb379f0000 - 0x00007ffb37a25000 	C:\WINDOWS\system32\rsaenh.dll
0x00007ffb37fb0000 - 0x00007ffb37fd9000 	C:\WINDOWS\SYSTEM32\USERENV.dll
0x00007ffb38280000 - 0x00007ffb382a7000 	C:\WINDOWS\SYSTEM32\bcrypt.dll
0x00007ffb38120000 - 0x00007ffb3812c000 	C:\WINDOWS\SYSTEM32\CRYPTBASE.dll
0x00007ffb37580000 - 0x00007ffb375ad000 	C:\WINDOWS\SYSTEM32\IPHLPAPI.DLL
0x00007ffb3a7d0000 - 0x00007ffb3a7d9000 	C:\WINDOWS\System32\NSI.dll
0x00007ffb2ed50000 - 0x00007ffb2ed69000 	C:\WINDOWS\SYSTEM32\dhcpcsvc6.DLL
0x00007ffb2f500000 - 0x00007ffb2f51e000 	C:\WINDOWS\SYSTEM32\dhcpcsvc.DLL
0x00007ffb375f0000 - 0x00007ffb376d8000 	C:\WINDOWS\SYSTEM32\DNSAPI.dll
0x0000024b3bcc0000 - 0x0000024b3bcc3000 	C:\Program Files\Java\javafx-sdk-17.0.2\bin\api-ms-win-core-console-l1-1-0.dll
0x0000024b3bcd0000 - 0x0000024b3bcd3000 	C:\Program Files\Java\javafx-sdk-17.0.2\bin\api-ms-win-core-console-l1-2-0.dll
0x0000024b3bce0000 - 0x0000024b3bce3000 	C:\Program Files\Java\javafx-sdk-17.0.2\bin\api-ms-win-core-datetime-l1-1-0.dll
0x0000024b3bcf0000 - 0x0000024b3bcf3000 	C:\Program Files\Java\javafx-sdk-17.0.2\bin\api-ms-win-core-debug-l1-1-0.dll
0x0000024b3bd00000 - 0x0000024b3bd03000 	C:\Program Files\Java\javafx-sdk-17.0.2\bin\api-ms-win-core-errorhandling-l1-1-0.dll
0x0000024b3bd10000 - 0x0000024b3bd14000 	C:\Program Files\Java\javafx-sdk-17.0.2\bin\api-ms-win-core-file-l1-1-0.dll
0x0000024b3bd20000 - 0x0000024b3bd23000 	C:\Program Files\Java\javafx-sdk-17.0.2\bin\api-ms-win-core-file-l1-2-0.dll
0x0000024b3bd30000 - 0x0000024b3bd33000 	C:\Program Files\Java\javafx-sdk-17.0.2\bin\api-ms-win-core-file-l2-1-0.dll
0x0000024b3bd40000 - 0x0000024b3bd43000 	C:\Program Files\Java\javafx-sdk-17.0.2\bin\api-ms-win-core-handle-l1-1-0.dll
0x0000024b61d20000 - 0x0000024b61d23000 	C:\Program Files\Java\javafx-sdk-17.0.2\bin\api-ms-win-core-heap-l1-1-0.dll
0x0000024b61d30000 - 0x0000024b61d33000 	C:\Program Files\Java\javafx-sdk-17.0.2\bin\api-ms-win-core-interlocked-l1-1-0.dll
0x0000024b61d40000 - 0x0000024b61d43000 	C:\Program Files\Java\javafx-sdk-17.0.2\bin\api-ms-win-core-libraryloader-l1-1-0.dll
0x0000024b61d50000 - 0x0000024b61d53000 	C:\Program Files\Java\javafx-sdk-17.0.2\bin\api-ms-win-core-localization-l1-2-0.dll
0x0000024b61d60000 - 0x0000024b61d63000 	C:\Program Files\Java\javafx-sdk-17.0.2\bin\api-ms-win-core-memory-l1-1-0.dll
0x0000024b61d70000 - 0x0000024b61d73000 	C:\Program Files\Java\javafx-sdk-17.0.2\bin\api-ms-win-core-namedpipe-l1-1-0.dll
0x0000024b61d80000 - 0x0000024b61d83000 	C:\Program Files\Java\javafx-sdk-17.0.2\bin\api-ms-win-core-processenvironment-l1-1-0.dll
0x0000024b61d90000 - 0x0000024b61d93000 	C:\Program Files\Java\javafx-sdk-17.0.2\bin\api-ms-win-core-processthreads-l1-1-0.dll
0x0000024b61da0000 - 0x0000024b61da3000 	C:\Program Files\Java\javafx-sdk-17.0.2\bin\api-ms-win-core-processthreads-l1-1-1.dll
0x0000024b61db0000 - 0x0000024b61db3000 	C:\Program Files\Java\javafx-sdk-17.0.2\bin\api-ms-win-core-profile-l1-1-0.dll
0x0000024b61dc0000 - 0x0000024b61dc3000 	C:\Program Files\Java\javafx-sdk-17.0.2\bin\api-ms-win-core-rtlsupport-l1-1-0.dll
0x0000024b61dd0000 - 0x0000024b61dd3000 	C:\Program Files\Java\javafx-sdk-17.0.2\bin\api-ms-win-core-string-l1-1-0.dll
0x0000024b61de0000 - 0x0000024b61de3000 	C:\Program Files\Java\javafx-sdk-17.0.2\bin\api-ms-win-core-synch-l1-1-0.dll
0x0000024b61df0000 - 0x0000024b61df3000 	C:\Program Files\Java\javafx-sdk-17.0.2\bin\api-ms-win-core-synch-l1-2-0.dll
0x0000024b61e00000 - 0x0000024b61e03000 	C:\Program Files\Java\javafx-sdk-17.0.2\bin\api-ms-win-core-sysinfo-l1-1-0.dll
0x0000024b61e10000 - 0x0000024b61e13000 	C:\Program Files\Java\javafx-sdk-17.0.2\bin\api-ms-win-core-timezone-l1-1-0.dll
0x0000024b61e20000 - 0x0000024b61e23000 	C:\Program Files\Java\javafx-sdk-17.0.2\bin\api-ms-win-core-util-l1-1-0.dll
0x0000024b61e30000 - 0x0000024b61e33000 	C:\Program Files\Java\javafx-sdk-17.0.2\bin\api-ms-win-crt-conio-l1-1-0.dll
0x0000024b62070000 - 0x0000024b62074000 	C:\Program Files\Java\javafx-sdk-17.0.2\bin\api-ms-win-crt-convert-l1-1-0.dll
0x0000024b62080000 - 0x0000024b62083000 	C:\Program Files\Java\javafx-sdk-17.0.2\bin\api-ms-win-crt-environment-l1-1-0.dll
0x0000024b62090000 - 0x0000024b62093000 	C:\Program Files\Java\javafx-sdk-17.0.2\bin\api-ms-win-crt-filesystem-l1-1-0.dll
0x0000024b620a0000 - 0x0000024b620a3000 	C:\Program Files\Java\javafx-sdk-17.0.2\bin\api-ms-win-crt-heap-l1-1-0.dll
0x0000024b620b0000 - 0x0000024b620b3000 	C:\Program Files\Java\javafx-sdk-17.0.2\bin\api-ms-win-crt-locale-l1-1-0.dll
0x0000024b620c0000 - 0x0000024b620c5000 	C:\Program Files\Java\javafx-sdk-17.0.2\bin\api-ms-win-crt-math-l1-1-0.dll
0x0000024b61e40000 - 0x0000024b61e45000 	C:\Program Files\Java\javafx-sdk-17.0.2\bin\api-ms-win-crt-multibyte-l1-1-0.dll
0x0000024b61e50000 - 0x0000024b61e60000 	C:\Program Files\Java\javafx-sdk-17.0.2\bin\api-ms-win-crt-private-l1-1-0.dll
0x0000024b61e60000 - 0x0000024b61e63000 	C:\Program Files\Java\javafx-sdk-17.0.2\bin\api-ms-win-crt-process-l1-1-0.dll
0x0000024b61e70000 - 0x0000024b61e74000 	C:\Program Files\Java\javafx-sdk-17.0.2\bin\api-ms-win-crt-runtime-l1-1-0.dll
0x0000024b61e80000 - 0x0000024b61e84000 	C:\Program Files\Java\javafx-sdk-17.0.2\bin\api-ms-win-crt-stdio-l1-1-0.dll
0x0000024b61e90000 - 0x0000024b61e94000 	C:\Program Files\Java\javafx-sdk-17.0.2\bin\api-ms-win-crt-string-l1-1-0.dll
0x0000024b61ea0000 - 0x0000024b61ea3000 	C:\Program Files\Java\javafx-sdk-17.0.2\bin\api-ms-win-crt-time-l1-1-0.dll
0x0000024b61eb0000 - 0x0000024b61eb3000 	C:\Program Files\Java\javafx-sdk-17.0.2\bin\api-ms-win-crt-utility-l1-1-0.dll
0x00007ffb1fb20000 - 0x00007ffb1fc1c000 	C:\Program Files\Java\javafx-sdk-17.0.2\bin\ucrtbase.dll
0x00007ffb23c00000 - 0x00007ffb23c1a000 	C:\Program Files\Java\javafx-sdk-17.0.2\bin\vcruntime140.dll
0x00007ffb2f3a0000 - 0x00007ffb2f3ac000 	C:\Program Files\Java\javafx-sdk-17.0.2\bin\vcruntime140_1.dll
0x00007ffb1fa90000 - 0x00007ffb1fb1d000 	C:\Program Files\Java\javafx-sdk-17.0.2\bin\msvcp140.dll
0x00007ffb23b90000 - 0x00007ffb23bba000 	C:\Program Files\Java\javafx-sdk-17.0.2\bin\prism_d3d.dll
0x00007ffb0d360000 - 0x00007ffb0d506000 	C:\WINDOWS\system32\d3d9.dll
0x00007ffb35400000 - 0x00007ffb3542f000 	C:\WINDOWS\SYSTEM32\dwmapi.dll
0x00007ffb35790000 - 0x00007ffb357c8000 	C:\WINDOWS\SYSTEM32\dxcore.dll
0x00007ffb351f0000 - 0x00007ffb3529c000 	C:\WINDOWS\system32\uxtheme.dll
0x00007ffaf67e0000 - 0x00007ffaf6943000 	C:\WINDOWS\System32\DriverStore\FileRepository\iigd_dch.inf_amd64_0067181d6d0f8476\igdumdim64.dll
0x00007ffae1db0000 - 0x00007ffae57b4000 	C:\WINDOWS\System32\DriverStore\FileRepository\iigd_dch.inf_amd64_0067181d6d0f8476\igd9dxva64.dll
0x00007ffb3b1d0000 - 0x00007ffb3b36a000 	C:\WINDOWS\System32\ole32.dll
0x00007ffb39be0000 - 0x00007ffb39cb6000 	C:\WINDOWS\System32\OLEAUT32.dll
0x00007ffb39480000 - 0x00007ffb398ec000 	C:\WINDOWS\System32\SETUPAPI.dll
0x00007ffb38570000 - 0x00007ffb385bc000 	C:\WINDOWS\SYSTEM32\cfgmgr32.dll
0x00007ffb26fc0000 - 0x00007ffb271ff000 	C:\WINDOWS\System32\DriverStore\FileRepository\iigd_dch.inf_amd64_0067181d6d0f8476\igdgmm64.dll
0x00007ffb2aa10000 - 0x00007ffb2aa54000 	C:\WINDOWS\SYSTEM32\directxdatabasehelper.dll
0x00007ffb37730000 - 0x00007ffb37764000 	C:\WINDOWS\SYSTEM32\ntmarta.dll
0x00007ffb1f860000 - 0x00007ffb1f8a2000 	C:\Program Files\Java\javafx-sdk-17.0.2\bin\glass.dll
0x00007ffb39390000 - 0x00007ffb3947c000 	C:\WINDOWS\System32\COMDLG32.dll
0x00007ffb3ad30000 - 0x00007ffb3ae4e000 	C:\WINDOWS\System32\MSCTF.dll
0x00007ffad5950000 - 0x00007ffad5977000 	C:\WINDOWS\System32\DriverStore\FileRepository\iigd_dch.inf_amd64_0067181d6d0f8476\igdinfo64.dll
0x00007ffb24300000 - 0x00007ffb26f62000 	C:\WINDOWS\System32\DriverStore\FileRepository\iigd_dch.inf_amd64_0067181d6d0f8476\igc64.dll
0x00007ffb223e0000 - 0x00007ffb223f4000 	C:\Program Files\Java\javafx-sdk-17.0.2\bin\javafx_font.dll
0x00007ffb35d90000 - 0x00007ffb35fef000 	C:\WINDOWS\SYSTEM32\dwrite.dll
0x00007ffb3b080000 - 0x00007ffb3b12f000 	C:\WINDOWS\System32\clbcatq.dll
0x00007ffb35040000 - 0x00007ffb351ee000 	C:\WINDOWS\SYSTEM32\WindowsCodecs.dll
0x00007ffb20d30000 - 0x00007ffb20d8d000 	C:\WINDOWS\system32\dataexchange.dll
0x00007ffb2f580000 - 0x00007ffb2f7e6000 	C:\WINDOWS\system32\twinapi.appcore.dll
0x00007ffb1f900000 - 0x00007ffb1f932000 	C:\Program Files\Common Files\Microsoft Shared\Ink\rtscom.dll

dbghelp: loaded successfully - version: 4.0.5 - missing functions: none
symbol engine: initialized successfully - sym options: 0x614 - pdb path: .;C:\Program Files\Java\jdk-11.0.13\bin;C:\WINDOWS\SYSTEM32;C:\WINDOWS\WinSxS\amd64_microsoft.windows.common-controls_6595b64144ccf1df_6.0.22000.120_none_9d947278b86cc467;C:\Program Files\Java\jdk-11.0.13\bin\server;C:\Program Files\NetBeans-12.0\netbeans\profiler\lib\deployed\jdk16\windows-amd64;C:\Program Files\Java\javafx-sdk-17.0.2\bin;C:\WINDOWS\System32\DriverStore\FileRepository\iigd_dch.inf_amd64_0067181d6d0f8476;C:\Program Files\Common Files\Microsoft Shared\Ink

VM Arguments:
jvm_args: -Dfile.encoding=UTF-8 --add-modules=javafx.controls,javafx.fxml -agentpath:C:/Program Files/NetBeans-12.0/netbeans/profiler/lib/deployed/jdk16/windows-amd64/profilerinterface.dll=C:\Program Files\NetBeans-12.0\netbeans\profiler\lib,5140,10 -XX:+HeapDumpOnOutOfMemoryError -XX:HeapDumpPath=C:\Users\Usuario\Desktop\treballIPC\Treball_IPC\Treball_IPC\nbproject\private\profiler --module-path=C:\Program Files\Java\javafx-sdk-17.0.2\lib\javafx-swt.jar;C:\Program Files\Java\javafx-sdk-17.0.2\lib\javafx.base.jar;C:\Program Files\Java\javafx-sdk-17.0.2\lib\javafx.controls.jar;C:\Program Files\Java\javafx-sdk-17.0.2\lib\javafx.fxml.jar;C:\Program Files\Java\javafx-sdk-17.0.2\lib\javafx.graphics.jar;C:\Program Files\Java\javafx-sdk-17.0.2\lib\javafx.media.jar;C:\Program Files\Java\javafx-sdk-17.0.2\lib\javafx.swing.jar;C:\Program Files\Java\javafx-sdk-17.0.2\lib\javafx.web.jar 
java_command: poiupv.PoiUPVApp
java_class_path (initial): C:\Program Files\Java\javafx-sdk-17.0.2\lib\javafx-swt.jar;C:\Program Files\Java\javafx-sdk-17.0.2\lib\javafx.base.jar;C:\Program Files\Java\javafx-sdk-17.0.2\lib\javafx.controls.jar;C:\Program Files\Java\javafx-sdk-17.0.2\lib\javafx.fxml.jar;C:\Program Files\Java\javafx-sdk-17.0.2\lib\javafx.graphics.jar;C:\Program Files\Java\javafx-sdk-17.0.2\lib\javafx.media.jar;C:\Program Files\Java\javafx-sdk-17.0.2\lib\javafx.swing.jar;C:\Program Files\Java\javafx-sdk-17.0.2\lib\javafx.web.jar;C:\Users\Usuario\Desktop\treballIPC\Treball_IPC\Treball_IPC\lib\Navegacion.jar;C:\Users\Usuario\Desktop\treballIPC\Treball_IPC\Treball_IPC\lib\javadoc.zip;C:\Users\Usuario\Desktop\treballIPC\Treball_IPC\Treball_IPC\lib\sqlite-jdbc-3.36.0.3.jar;C:\Users\Usuario\Desktop\treballIPC\Treball_IPC\Treball_IPC\build\classes
Launcher Type: SUN_STANDARD

[Global flags]
     intx CICompilerCount                          = 4                                         {product} {ergonomic}
     uint ConcGCThreads                            = 2                                         {product} {ergonomic}
     uint G1ConcRefinementThreads                  = 8                                         {product} {ergonomic}
   size_t G1HeapRegionSize                         = 1048576                                   {product} {ergonomic}
    uintx GCDrainStackTargetSize                   = 64                                        {product} {ergonomic}
     bool HeapDumpOnOutOfMemoryError               = true                                   {manageable} {command line}
    ccstr HeapDumpPath                             = C:\Users\Usuario\Desktop\treballIPC\Treball_IPC\Treball_IPC\nbproject\private\profiler         {manageable} {command line}
   size_t InitialHeapSize                          = 266338304                                 {product} {ergonomic}
   size_t MarkStackSize                            = 4194304                                   {product} {ergonomic}
   size_t MaxHeapSize                              = 4238344192                                {product} {ergonomic}
   size_t MaxNewSize                               = 2542796800                                {product} {ergonomic}
   size_t MinHeapDeltaBytes                        = 1048576                                   {product} {ergonomic}
    uintx NonNMethodCodeHeapSize                   = 5836300                                {pd product} {ergonomic}
    uintx NonProfiledCodeHeapSize                  = 122910970                              {pd product} {ergonomic}
    uintx ProfiledCodeHeapSize                     = 122910970                              {pd product} {ergonomic}
    uintx ReservedCodeCacheSize                    = 251658240                              {pd product} {ergonomic}
     bool SegmentedCodeCache                       = true                                      {product} {ergonomic}
     bool UseCompressedClassPointers               = true                                 {lp64_product} {ergonomic}
     bool UseCompressedOops                        = true                                 {lp64_product} {ergonomic}
     bool UseG1GC                                  = true                                      {product} {ergonomic}
     bool UseLargePagesIndividualAllocation        = false                                  {pd product} {ergonomic}

Logging:
Log output configuration:
 #0: stdout all=warning uptime,level,tags
 #1: stderr all=off uptime,level,tags

Environment Variables:
PATH=C:\Program Files\Common Files\Oracle\Java\javapath;C:\Program Files (x86)\Common Files\Oracle\Java\javapath;C:\WINDOWS\system32;C:\WINDOWS;C:\WINDOWS\System32\Wbem;C:\WINDOWS\System32\WindowsPowerShell\v1.0\;C:\WINDOWS\System32\OpenSSH\;C:\Program Files\AutoFirma\AutoFirma;C:\Program Files\swipl\bin;C:\Program Files (x86)\NVIDIA Corporation\PhysX\Common;C:\Program Files\NVIDIA Corporation\NVIDIA NvDLISR;C:\Users\Usuario\AppData\Local\Microsoft\WindowsApps;
USERNAME=Usuario
OS=Windows_NT
PROCESSOR_IDENTIFIER=Intel64 Family 6 Model 126 Stepping 5, GenuineIntel



---------------  S Y S T E M  ---------------

OS: Windows 10 , 64 bit Build 22000 (10.0.22000.675)

CPU:total 8 (initial active 8) (4 cores per cpu, 2 threads per core) family 6 model 126 stepping 5 microcode 0xa6, cmov, cx8, fxsr, mmx, sse, sse2, sse3, ssse3, sse4.1, sse4.2, popcnt, avx, avx2, aes, clmul, erms, 3dnowpref, lzcnt, ht, tsc, tscinvbit, bmi1, bmi2, adx, evex, sha, fma

Memory: 4k page, system-wide physical 16161M (9049M free)
TotalPageFile size 19361M (AvailPageFile size 10700M)
current process WorkingSet (physical memory assigned to process): 148M, peak: 150M
current process commit charge ("private bytes"): 407M, peak: 412M

vm_info: Java HotSpot(TM) 64-Bit Server VM (11.0.13+10-LTS-370) for windows-amd64 JRE (11.0.13+10-LTS-370), built on Sep 15 2021 22:10:36 by "mach5one" with MS VC++ 15.9 (VS2017)

END.
